0 info it worked if it ends with ok
1 verbose cli [ 'node', '/usr/local/bin/npm', 'install' ]
2 info using npm@1.3.11
3 info using node@v0.10.21
4 verbose readDependencies using package.json deps
5 verbose install where, deps [ '/Users/ivanseidel/Dropbox/Projetos/RoboCup/robocup2014',
5 verbose install   [ 'express', 'ejs', 'colors', 'lodash', 'fs' ] ]
6 info preinstall tournament-manager@0.0.1
7 verbose readDependencies using package.json deps
8 verbose already installed skipping colors@* /Users/ivanseidel/Dropbox/Projetos/RoboCup/robocup2014
9 verbose already installed skipping lodash@* /Users/ivanseidel/Dropbox/Projetos/RoboCup/robocup2014
10 verbose cache add [ 'fs@*', null ]
11 verbose cache add name=undefined spec="fs@*" args=["fs@*",null]
12 verbose parsed url { protocol: null,
12 verbose parsed url   slashes: null,
12 verbose parsed url   auth: null,
12 verbose parsed url   host: null,
12 verbose parsed url   port: null,
12 verbose parsed url   hostname: null,
12 verbose parsed url   hash: null,
12 verbose parsed url   search: null,
12 verbose parsed url   query: null,
12 verbose parsed url   pathname: 'fs@*',
12 verbose parsed url   path: 'fs@*',
12 verbose parsed url   href: 'fs@*' }
13 verbose cache add name="fs" spec="*" args=["fs","*"]
14 verbose parsed url { protocol: null,
14 verbose parsed url   slashes: null,
14 verbose parsed url   auth: null,
14 verbose parsed url   host: null,
14 verbose parsed url   port: null,
14 verbose parsed url   hostname: null,
14 verbose parsed url   hash: null,
14 verbose parsed url   search: null,
14 verbose parsed url   query: null,
14 verbose parsed url   pathname: '*',
14 verbose parsed url   path: '*',
14 verbose parsed url   href: '*' }
15 verbose addNamed [ 'fs', '*' ]
16 verbose addNamed [ null, '*' ]
17 verbose already installed skipping express@3.x /Users/ivanseidel/Dropbox/Projetos/RoboCup/robocup2014
18 verbose already installed skipping ejs@* /Users/ivanseidel/Dropbox/Projetos/RoboCup/robocup2014
19 silly lockFile d8bf140d-fs fs@*
20 verbose lock fs@* /Users/ivanseidel/.npm/d8bf140d-fs.lock
21 silly addNameRange { name: 'fs', range: '*', hasData: false }
22 verbose url raw fs
23 verbose url resolving [ 'https://registry.npmjs.org/', './fs' ]
24 verbose url resolved https://registry.npmjs.org/fs
25 info trying registry request attempt 1 at 17:18:17
26 http GET https://registry.npmjs.org/fs
27 info retry will retry, error on last attempt: Error: socket hang up
28 info trying registry request attempt 2 at 17:18:39
29 http GET https://registry.npmjs.org/fs
30 http 404 https://registry.npmjs.org/fs
31 silly registry.get cb [ 404,
31 silly registry.get   { server: 'CouchDB/1.3.1 (Erlang OTP/R15B03)',
31 silly registry.get     date: 'Wed, 13 Nov 2013 19:18:56 GMT',
31 silly registry.get     'content-type': 'application/json',
31 silly registry.get     'content-length': '52',
31 silly registry.get     'cache-control': 'must-revalidate' } ]
32 silly lockFile d8bf140d-fs fs@*
33 silly lockFile d8bf140d-fs fs@*
34 error 404 'fs' is not in the npm registry.
34 error 404 You should bug the author to publish it
34 error 404
34 error 404 Note that you can also install from a
34 error 404 tarball, folder, or http url, or git url.
35 error System Darwin 13.0.0
36 error command "node" "/usr/local/bin/npm" "install"
37 error cwd /Users/ivanseidel/Dropbox/Projetos/RoboCup/robocup2014
38 error node -v v0.10.21
39 error npm -v 1.3.11
40 error code E404
41 verbose exit [ 1, true ]
